<?xml version="1.0" encoding="UTF-8"?>
<!-- Generated by org.testng.reporters.JUnitReportReporter -->
<testsuite skipped="0" hostname="sanjaykv-PC" name="com.QACompany.app.AppTest" tests="1" failures="0" timestamp="2020-04-15T15:22:10 IST" time="0.006" errors="0">
  <testcase name="testApp" time="0.006" classname="com.QACompany.app.AppTest"/>
</testsuite> <!-- com.QACompany.app.AppTest -->
