<?xml version="1.0" encoding="UTF-8"?>
<!-- Generated by org.testng.reporters.JUnitReportReporter -->
<testsuite skipped="0" hostname="sanjaykv-PC" name="com.QACompany.app.AppiumTest" tests="2" failures="0" timestamp="2020-04-15T16:00:58 IST" time="0.001" errors="0">
  <testcase name="AppAutomation" time="0.001" classname="com.QACompany.app.AppiumTest"/>
  <testcase name="MobileAutomation" time="0.000" classname="com.QACompany.app.AppiumTest"/>
</testsuite> <!-- com.QACompany.app.AppiumTest -->
