<?xml version="1.0" encoding="UTF-8"?>
<!-- Generated by org.testng.reporters.JUnitReportReporter -->
<testsuite skipped="0" hostname="sanjaykv-PC" name="com.QACompany.app.SeleniumTest" tests="2" failures="0" timestamp="2020-04-15T16:02:20 IST" time="0.021" errors="0">
  <testcase name="UIAutomation" time="0.000" classname="com.QACompany.app.SeleniumTest"/>
  <testcase name="BrowserAutomation" time="0.021" classname="com.QACompany.app.SeleniumTest"/>
</testsuite> <!-- com.QACompany.app.SeleniumTest -->
