<?xml version="1.0" encoding="UTF-8"?>
<!-- Generated by org.testng.reporters.JUnitReportReporter -->
<testsuite skipped="0" hostname="sanjaykv-PC" name="com.QACompany.app.RestApiTest" tests="2" failures="0" timestamp="2020-04-15T16:02:20 IST" time="0.002" errors="0">
  <testcase name="ApiAutomation" time="0.001" classname="com.QACompany.app.RestApiTest"/>
  <testcase name="RestAutomation" time="0.001" classname="com.QACompany.app.RestApiTest"/>
</testsuite> <!-- com.QACompany.app.RestApiTest -->
